TN:
SF:/home/gucu112/Documents/Projects/misiek-portfolio/Portfolio/portfolio/node_modules/angular2-template-loader/index.js!/home/gucu112/Documents/Projects/misiek-portfolio/Portfolio/portfolio/node_modules/tslint-loader/index.js!/home/gucu112/Documents/Projects/misiek-portfolio/Portfolio/portfolio/src/test.ts
FN:15,(anonymous_1)
FN:23,(anonymous_2)
FN:30,(anonymous_3)
FN:32,(anonymous_4)
FNF:4
FNH:4
FNDA:2,(anonymous_1)
FNDA:2,(anonymous_2)
FNDA:2,(anonymous_3)
FNDA:2,(anonymous_4)
DA:1,2
DA:3,2
DA:4,2
DA:5,2
DA:6,2
DA:7,2
DA:8,2
DA:15,2
DA:18,2
DA:24,2
DA:30,2
DA:32,2
LF:12
LH:12
BRF:0
BRH:0
end_of_record
TN:
SF:/home/gucu112/Documents/Projects/misiek-portfolio/Portfolio/portfolio/node_modules/angular2-template-loader/index.js!/home/gucu112/Documents/Projects/misiek-portfolio/Portfolio/portfolio/node_modules/tslint-loader/index.js!/home/gucu112/Documents/Projects/misiek-portfolio/Portfolio/portfolio/src/polyfills.ts
FNF:0
FNH:0
DA:3,2
DA:4,2
DA:5,2
DA:6,2
DA:7,2
DA:8,2
DA:9,2
DA:10,2
DA:11,2
DA:12,2
DA:13,2
DA:14,2
DA:15,2
DA:16,2
DA:18,2
DA:19,2
LF:16
LH:16
BRF:0
BRH:0
end_of_record
TN:
SF:/home/gucu112/Documents/Projects/misiek-portfolio/Portfolio/portfolio/node_modules/angular2-template-loader/index.js!/home/gucu112/Documents/Projects/misiek-portfolio/Portfolio/portfolio/node_modules/tslint-loader/index.js!/home/gucu112/Documents/Projects/misiek-portfolio/Portfolio/portfolio/src/app/about/about.component.ts
FN:35,(anonymous_3)
FN:48,AboutComponent
FN:36,(anonymous_5)
FN:40,(anonymous_6)
FN:44,(anonymous_7)
FN:52,(anonymous_8)
FN:53,(anonymous_9)
FNF:7
FNH:1
FNDA:2,(anonymous_3)
FNDA:0,AboutComponent
FNDA:0,(anonymous_5)
FNDA:0,(anonymous_6)
FNDA:0,(anonymous_7)
FNDA:0,(anonymous_8)
FNDA:0,(anonymous_9)
DA:1,2
DA:4,2
DA:5,2
DA:7,2
DA:35,2
DA:36,2
DA:37,0
DA:40,2
DA:41,0
DA:44,2
DA:45,0
DA:48,2
DA:49,0
DA:50,0
DA:52,2
DA:53,0
DA:54,0
DA:58,2
LF:18
LH:11
BRF:0
BRH:0
end_of_record
TN:
SF:/home/gucu112/Documents/Projects/misiek-portfolio/Portfolio/portfolio/node_modules/angular2-template-loader/index.js!/home/gucu112/Documents/Projects/misiek-portfolio/Portfolio/portfolio/node_modules/tslint-loader/index.js!/home/gucu112/Documents/Projects/misiek-portfolio/Portfolio/portfolio/src/app/app.component.ts
FN:10,(anonymous_3)
FN:12,AppComponent
FNF:2
FNH:1
FNDA:2,(anonymous_3)
FNDA:0,AppComponent
DA:1,2
DA:2,2
DA:4,2
DA:10,2
DA:12,2
DA:13,0
DA:15,0
DA:16,2
LF:8
LH:6
BRF:0
BRH:0
end_of_record
TN:
SF:/home/gucu112/Documents/Projects/misiek-portfolio/Portfolio/portfolio/node_modules/angular2-template-loader/index.js!/home/gucu112/Documents/Projects/misiek-portfolio/Portfolio/portfolio/node_modules/tslint-loader/index.js!/home/gucu112/Documents/Projects/misiek-portfolio/Portfolio/portfolio/src/app/cooking/cooking.component.ts
FN:8,(anonymous_3)
FN:10,CookingComponent
FN:12,(anonymous_5)
FNF:3
FNH:3
FNDA:2,(anonymous_3)
FNDA:2,CookingComponent
FNDA:2,(anonymous_5)
DA:1,2
DA:3,2
DA:8,2
DA:10,2
DA:12,2
DA:15,2
LF:6
LH:6
BRF:0
BRH:0
end_of_record
TN:
SF:/home/gucu112/Documents/Projects/misiek-portfolio/Portfolio/portfolio/node_modules/angular2-template-loader/index.js!/home/gucu112/Documents/Projects/misiek-portfolio/Portfolio/portfolio/node_modules/tslint-loader/index.js!/home/gucu112/Documents/Projects/misiek-portfolio/Portfolio/portfolio/src/app/home/home.component.ts
FN:35,(anonymous_3)
FN:48,HomeComponent
FN:36,(anonymous_5)
FN:40,(anonymous_6)
FN:44,(anonymous_7)
FN:52,(anonymous_8)
FN:53,(anonymous_9)
FNF:7
FNH:1
FNDA:2,(anonymous_3)
FNDA:0,HomeComponent
FNDA:0,(anonymous_5)
FNDA:0,(anonymous_6)
FNDA:0,(anonymous_7)
FNDA:0,(anonymous_8)
FNDA:0,(anonymous_9)
DA:1,2
DA:4,2
DA:5,2
DA:7,2
DA:35,2
DA:36,2
DA:37,0
DA:40,2
DA:41,0
DA:44,2
DA:45,0
DA:48,2
DA:49,0
DA:50,0
DA:52,2
DA:53,0
DA:54,0
DA:58,2
LF:18
LH:11
BRF:0
BRH:0
end_of_record
TN:
SF:/home/gucu112/Documents/Projects/misiek-portfolio/Portfolio/portfolio/node_modules/angular2-template-loader/index.js!/home/gucu112/Documents/Projects/misiek-portfolio/Portfolio/portfolio/node_modules/tslint-loader/index.js!/home/gucu112/Documents/Projects/misiek-portfolio/Portfolio/portfolio/src/app/music/music.component.ts
FN:8,(anonymous_3)
FN:10,MusicComponent
FN:12,(anonymous_5)
FNF:3
FNH:3
FNDA:2,(anonymous_3)
FNDA:2,MusicComponent
FNDA:2,(anonymous_5)
DA:1,2
DA:3,2
DA:8,2
DA:10,2
DA:12,2
DA:15,2
LF:6
LH:6
BRF:0
BRH:0
end_of_record
TN:
SF:/home/gucu112/Documents/Projects/misiek-portfolio/Portfolio/portfolio/node_modules/angular2-template-loader/index.js!/home/gucu112/Documents/Projects/misiek-portfolio/Portfolio/portfolio/node_modules/tslint-loader/index.js!/home/gucu112/Documents/Projects/misiek-portfolio/Portfolio/portfolio/src/app/page-not-found/page-not-found.component.ts
FN:8,(anonymous_3)
FN:10,PageNotFoundComponent
FN:12,(anonymous_5)
FNF:3
FNH:3
FNDA:2,(anonymous_3)
FNDA:2,PageNotFoundComponent
FNDA:2,(anonymous_5)
DA:1,2
DA:3,2
DA:8,2
DA:10,2
DA:12,2
DA:15,2
LF:6
LH:6
BRF:0
BRH:0
end_of_record
TN:
SF:/home/gucu112/Documents/Projects/misiek-portfolio/Portfolio/portfolio/node_modules/angular2-template-loader/index.js!/home/gucu112/Documents/Projects/misiek-portfolio/Portfolio/portfolio/node_modules/tslint-loader/index.js!/home/gucu112/Documents/Projects/misiek-portfolio/Portfolio/portfolio/src/app/shared/nav/nav.component.ts
FN:12,(anonymous_3)
FN:15,NavComponent
FN:17,(anonymous_5)
FN:19,(anonymous_6)
FN:30,(anonymous_7)
FN:37,(anonymous_8)
FN:40,(anonymous_9)
FN:41,(anonymous_10)
FNF:8
FNH:1
FNDA:2,(anonymous_3)
FNDA:0,NavComponent
FNDA:0,(anonymous_5)
FNDA:0,(anonymous_6)
FNDA:0,(anonymous_7)
FNDA:0,(anonymous_8)
FNDA:0,(anonymous_9)
FNDA:0,(anonymous_10)
DA:1,2
DA:3,2
DA:4,2
DA:7,2
DA:12,2
DA:15,2
DA:17,2
DA:18,0
DA:19,0
DA:20,0
DA:21,0
DA:30,2
DA:31,0
DA:32,0
DA:33,0
DA:37,2
DA:40,2
DA:41,0
DA:42,0
DA:44,0
DA:46,0
DA:51,2
LF:22
LH:11
BRDA:20,1,0,0
BRDA:20,1,1,0
BRDA:42,2,0,0
BRDA:42,2,1,0
BRF:4
BRH:0
end_of_record
TN:
SF:/home/gucu112/Documents/Projects/misiek-portfolio/Portfolio/portfolio/node_modules/angular2-template-loader/index.js!/home/gucu112/Documents/Projects/misiek-portfolio/Portfolio/portfolio/node_modules/tslint-loader/index.js!/home/gucu112/Documents/Projects/misiek-portfolio/Portfolio/portfolio/src/app/shared/services/firebase-service.service.ts
FN:5,(anonymous_3)
FN:7,FirebaseServiceService
FN:9,(anonymous_5)
FN:13,(anonymous_6)
FN:15,(anonymous_7)
FNF:5
FNH:1
FNDA:2,(anonymous_3)
FNDA:0,FirebaseServiceService
FNDA:0,(anonymous_5)
FNDA:0,(anonymous_6)
FNDA:0,(anonymous_7)
DA:1,2
DA:2,2
DA:4,2
DA:5,2
DA:6,0
DA:7,2
DA:9,2
DA:10,0
DA:13,2
DA:14,0
DA:15,0
DA:16,0
DA:17,0
DA:19,0
DA:20,0
DA:22,2
LF:16
LH:8
BRF:0
BRH:0
end_of_record
TN:
SF:/home/gucu112/Documents/Projects/misiek-portfolio/Portfolio/portfolio/node_modules/angular2-template-loader/index.js!/home/gucu112/Documents/Projects/misiek-portfolio/Portfolio/portfolio/node_modules/tslint-loader/index.js!/home/gucu112/Documents/Projects/misiek-portfolio/Portfolio/portfolio/src/app/twoja-stara/twoja-stara.component.ts
FN:8,(anonymous_3)
FN:10,TwojaStaraComponent
FN:12,(anonymous_5)
FNF:3
FNH:3
FNDA:2,(anonymous_3)
FNDA:2,TwojaStaraComponent
FNDA:2,(anonymous_5)
DA:1,2
DA:3,2
DA:8,2
DA:10,2
DA:12,2
DA:15,2
LF:6
LH:6
BRF:0
BRH:0
end_of_record
TN:
SF:/home/gucu112/Documents/Projects/misiek-portfolio/Portfolio/portfolio/node_modules/angular2-template-loader/index.js!/home/gucu112/Documents/Projects/misiek-portfolio/Portfolio/portfolio/node_modules/tslint-loader/index.js!/home/gucu112/Documents/Projects/misiek-portfolio/Portfolio/portfolio/src/app/webdev/webdev.component.ts
FN:8,(anonymous_3)
FN:10,WebdevComponent
FN:12,(anonymous_5)
FNF:3
FNH:3
FNDA:2,(anonymous_3)
FNDA:2,WebdevComponent
FNDA:2,(anonymous_5)
DA:1,2
DA:3,2
DA:8,2
DA:10,2
DA:12,2
DA:15,2
LF:6
LH:6
BRF:0
BRH:0
end_of_record
